<?xml version="1.0" encoding="UTF-8"?>
<coverage generated="1425494238">
  <project timestamp="1425494238">
    <package name="Baguette">
      <file name="/Users/megurine/repo/php/Baguette/src/Application.php">
        <class name="Application" namespace="Baguette" fullPackage="Baguette" package="Baguette">
          <metrics methods="3" coveredmethods="2" conditionals="0" coveredconditionals="0" statements="21" coveredstatements="7" elements="24" coveredelements="9"/>
        </class>
        <line num="39" type="method" name="__construct" crap="2" count="22"/>
        <line num="41" type="stmt" count="22"/>
        <line num="42" type="stmt" count="22"/>
        <line num="43" type="stmt" count="22"/>
        <line num="44" type="stmt" count="22"/>
        <line num="45" type="stmt" count="22"/>
        <line num="46" type="stmt" count="22"/>
        <line num="54" type="method" name="__get" crap="1" count="1"/>
        <line num="56" type="stmt" count="1"/>
        <line num="63" type="method" name="renderResponse" crap="30" count="0"/>
        <line num="65" type="stmt" count="0"/>
        <line num="66" type="stmt" count="0"/>
        <line num="68" type="stmt" count="0"/>
        <line num="69" type="stmt" count="0"/>
        <line num="70" type="stmt" count="0"/>
        <line num="71" type="stmt" count="0"/>
        <line num="73" type="stmt" count="0"/>
        <line num="75" type="stmt" count="0"/>
        <line num="76" type="stmt" count="0"/>
        <line num="77" type="stmt" count="0"/>
        <line num="78" type="stmt" count="0"/>
        <line num="80" type="stmt" count="0"/>
        <line num="81" type="stmt" count="0"/>
        <line num="83" type="stmt" count="0"/>
        <metrics loc="86" ncloc="52" classes="1" methods="3" coveredmethods="2" conditionals="0" coveredconditionals="0" statements="21" coveredstatements="7" elements="24" coveredelements="9"/>
      </file>
      <file name="/Users/megurine/repo/php/Baguette/tests/DummyApplication.php">
        <class name="DummyApplication" namespace="Baguette" fullPackage="Baguette" package="Baguette">
          <metrics methods="1" coveredmethods="0" conditionals="0" coveredconditionals="0" statements="1" coveredstatements="0" elements="2" coveredelements="0"/>
        </class>
        <line num="13" type="method" name="execute" crap="2" count="0"/>
        <line num="15" type="stmt" count="0"/>
        <metrics loc="16" ncloc="10" classes="1" methods="1" coveredmethods="0" conditionals="0" coveredconditionals="0" statements="1" coveredstatements="0" elements="2" coveredelements="0"/>
      </file>
    </package>
    <package name="Baguette\Application">
      <file name="/Users/megurine/repo/php/Baguette/src/Application/AcceptLanguage.php">
        <class name="AcceptLanguage" namespace="Baguette\Application" fullPackage="Baguette" package="Baguette">
          <metrics methods="5" coveredmethods="1" conditionals="0" coveredconditionals="0" statements="18" coveredstatements="8" elements="23" coveredelements="9"/>
        </class>
        <line num="29" type="method" name="getLanguage" crap="11.84" count="3"/>
        <line num="33" type="stmt" count="3"/>
        <line num="34" type="stmt" count="0"/>
        <line num="35" type="stmt" count="0"/>
        <line num="37" type="stmt" count="0"/>
        <line num="38" type="stmt" count="0"/>
        <line num="39" type="stmt" count="0"/>
        <line num="40" type="stmt" count="3"/>
        <line num="41" type="stmt" count="3"/>
        <line num="42" type="stmt" count="3"/>
        <line num="43" type="stmt" count="3"/>
        <line num="44" type="stmt" count="0"/>
        <line num="46" type="method" name="anonymous function" crap="2" count="3"/>
        <line num="47" type="stmt" count="3"/>
        <line num="48" type="stmt" count="3"/>
        <line num="49" type="stmt" count="3"/>
        <line num="50" type="stmt" count="3"/>
        <line num="53" type="stmt" count="3"/>
        <line num="56" type="method" name="getLanguageByStrategy" crap="2" count="0"/>
        <line num="59" type="stmt" count="0"/>
        <line num="61" type="method" name="setAvailableLanguages" crap="2" count="0"/>
        <line num="64" type="stmt" count="0"/>
        <line num="69" type="method" name="setLanguageDetectStrategy" crap="2" count="0"/>
        <line num="71" type="stmt" count="0"/>
        <line num="72" type="stmt" count="0"/>
        <metrics loc="73" ncloc="52" classes="1" methods="5" coveredmethods="1" conditionals="0" coveredconditionals="0" statements="20" coveredstatements="10" elements="25" coveredelements="11"/>
      </file>
      <file name="/Users/megurine/repo/php/Baguette/src/Application/Param.php">
        <class name="Param" namespace="Baguette\Application" fullPackage="Baguette" package="Baguette">
          <metrics methods="4" coveredmethods="4" conditionals="0" coveredconditionals="0" statements="29" coveredstatements="29" elements="33" coveredelements="33"/>
        </class>
        <line num="24" type="method" name="getParam" crap="3" count="6"/>
        <line num="26" type="stmt" count="6"/>
        <line num="28" type="stmt" count="6"/>
        <line num="29" type="stmt" count="2"/>
        <line num="32" type="stmt" count="4"/>
        <line num="41" type="method" name="getParamAsArray" crap="3" count="4"/>
        <line num="43" type="stmt" count="4"/>
        <line num="45" type="stmt" count="4"/>
        <line num="46" type="stmt" count="2"/>
        <line num="49" type="stmt" count="2"/>
        <line num="59" type="method" name="getParamFilter" crap="7" count="10"/>
        <line num="63" type="stmt" count="10"/>
        <line num="65" type="stmt" count="10"/>
        <line num="66" type="stmt" count="7"/>
        <line num="67" type="stmt" count="7"/>
        <line num="69" type="stmt" count="10"/>
        <line num="71" type="stmt" count="10"/>
        <line num="72" type="stmt" count="10"/>
        <line num="74" type="stmt" count="7"/>
        <line num="75" type="stmt" count="7"/>
        <line num="77" type="stmt" count="7"/>
        <line num="79" type="stmt" count="6"/>
        <line num="80" type="stmt" count="6"/>
        <line num="81" type="stmt" count="10"/>
        <line num="83" type="stmt" count="10"/>
        <line num="92" type="method" name="filterParam" crap="4" count="6"/>
        <line num="94" type="stmt" count="6"/>
        <line num="95" type="stmt" count="6"/>
        <line num="97" type="stmt" count="6"/>
        <line num="98" type="stmt" count="6"/>
        <line num="99" type="stmt" count="6"/>
        <line num="100" type="stmt" count="6"/>
        <line num="102" type="stmt" count="6"/>
        <metrics loc="104" ncloc="69" classes="1" methods="4" coveredmethods="4" conditionals="0" coveredconditionals="0" statements="29" coveredstatements="29" elements="33" coveredelements="33"/>
      </file>
    </package>
    <package name="Baguette\HTTP">
      <file name="/Users/megurine/repo/php/Baguette/src/HTTP/ContentType.php">
        <class name="ContentType" namespace="Baguette\HTTP" fullPackage="Baguette" package="Baguette">
          <metrics methods="0" coveredmethods="0" conditionals="0" coveredconditionals="0" statements="0" coveredstatements="0" elements="0" coveredelements="0"/>
        </class>
        <metrics loc="17" ncloc="9" classes="1" methods="0" coveredmethods="0" conditionals="0" coveredconditionals="0" statements="0" coveredstatements="0" elements="0" coveredelements="0"/>
      </file>
    </package>
    <package name="Baguette\Response">
      <file name="/Users/megurine/repo/php/Baguette/src/Response/RawResponse.php">
        <class name="RawResponse" namespace="Baguette\Response" fullPackage="Baguette" package="Baguette">
          <metrics methods="4" coveredmethods="3" conditionals="0" coveredconditionals="0" statements="10" coveredstatements="9" elements="14" coveredelements="12"/>
        </class>
        <line num="27" type="method" name="__construct" crap="2" count="2"/>
        <line num="29" type="stmt" count="2"/>
        <line num="30" type="stmt" count="2"/>
        <line num="31" type="stmt" count="2"/>
        <line num="32" type="stmt" count="1"/>
        <line num="33" type="stmt" count="2"/>
        <line num="34" type="stmt" count="2"/>
        <line num="40" type="method" name="getResponseHeaders" crap="1" count="2"/>
        <line num="43" type="stmt" count="2"/>
        <line num="44" type="stmt" count="2"/>
        <line num="51" type="method" name="getHttpStatusCode" crap="2" count="0"/>
        <line num="53" type="stmt" count="0"/>
        <line num="60" type="method" name="render" crap="1" count="2"/>
        <line num="62" type="stmt" count="2"/>
        <metrics loc="64" ncloc="36" classes="1" methods="4" coveredmethods="3" conditionals="0" coveredconditionals="0" statements="10" coveredstatements="9" elements="14" coveredelements="12"/>
      </file>
      <file name="/Users/megurine/repo/php/Baguette/src/Response/RedirectResponse.php">
        <class name="RedirectResponse" namespace="Baguette\Response" fullPackage="Baguette" package="Baguette">
          <metrics methods="4" coveredmethods="3" conditionals="0" coveredconditionals="0" statements="16" coveredstatements="15" elements="20" coveredelements="18"/>
        </class>
        <line num="35" type="method" name="__construct" crap="3" count="5"/>
        <line num="37" type="stmt" count="5"/>
        <line num="38" type="stmt" count="5"/>
        <line num="39" type="stmt" count="5"/>
        <line num="41" type="stmt" count="5"/>
        <line num="42" type="stmt" count="2"/>
        <line num="43" type="stmt" count="2"/>
        <line num="44" type="stmt" count="3"/>
        <line num="46" type="stmt" count="5"/>
        <line num="52" type="method" name="getResponseHeaders" crap="2" count="5"/>
        <line num="54" type="stmt" count="5"/>
        <line num="55" type="stmt" count="5"/>
        <line num="56" type="stmt" count="2"/>
        <line num="57" type="stmt" count="2"/>
        <line num="60" type="stmt" count="5"/>
        <line num="61" type="stmt" count="5"/>
        <line num="68" type="method" name="getHttpStatusCode" crap="2" count="0"/>
        <line num="70" type="stmt" count="0"/>
        <line num="77" type="method" name="render" crap="1" count="5"/>
        <line num="79" type="stmt" count="5"/>
        <metrics loc="81" ncloc="43" classes="1" methods="4" coveredmethods="3" conditionals="0" coveredconditionals="0" statements="16" coveredstatements="15" elements="20" coveredelements="18"/>
      </file>
      <file name="/Users/megurine/repo/php/Baguette/src/Response/SerializedResponse.php">
        <class name="SerializedResponse" namespace="Baguette\Response" fullPackage="Baguette" package="Baguette">
          <metrics methods="4" coveredmethods="3" conditionals="0" coveredconditionals="0" statements="8" coveredstatements="7" elements="12" coveredelements="10"/>
        </class>
        <line num="27" type="method" name="__construct" crap="1" count="1"/>
        <line num="29" type="stmt" count="1"/>
        <line num="30" type="stmt" count="1"/>
        <line num="31" type="stmt" count="1"/>
        <line num="32" type="stmt" count="1"/>
        <line num="38" type="method" name="getResponseHeaders" crap="1" count="1"/>
        <line num="41" type="stmt" count="1"/>
        <line num="42" type="stmt" count="1"/>
        <line num="49" type="method" name="getHttpStatusCode" crap="2" count="0"/>
        <line num="51" type="stmt" count="0"/>
        <line num="58" type="method" name="render" crap="1" count="1"/>
        <line num="60" type="stmt" count="1"/>
        <metrics loc="62" ncloc="34" classes="1" methods="4" coveredmethods="3" conditionals="0" coveredconditionals="0" statements="8" coveredstatements="7" elements="12" coveredelements="10"/>
      </file>
      <file name="/Users/megurine/repo/php/Baguette/src/Response/TwigResponse.php">
        <class name="TwigResponse" namespace="Baguette\Response" fullPackage="Baguette" package="Baguette">
          <metrics methods="5" coveredmethods="4" conditionals="0" coveredconditionals="0" statements="17" coveredstatements="16" elements="22" coveredelements="20"/>
        </class>
        <line num="33" type="method" name="__construct" crap="1" count="1"/>
        <line num="35" type="stmt" count="1"/>
        <line num="36" type="stmt" count="1"/>
        <line num="37" type="stmt" count="1"/>
        <line num="38" type="stmt" count="1"/>
        <line num="44" type="method" name="getResponseHeaders" crap="1" count="1"/>
        <line num="47" type="stmt" count="1"/>
        <line num="48" type="stmt" count="1"/>
        <line num="55" type="method" name="render" crap="1" count="1"/>
        <line num="57" type="stmt" count="1"/>
        <line num="58" type="stmt" count="1"/>
        <line num="59" type="stmt" count="1"/>
        <line num="60" type="stmt" count="1"/>
        <line num="61" type="stmt" count="1"/>
        <line num="62" type="stmt" count="1"/>
        <line num="63" type="stmt" count="1"/>
        <line num="65" type="stmt" count="1"/>
        <line num="72" type="method" name="getHttpStatusCode" crap="2" count="0"/>
        <line num="74" type="stmt" count="0"/>
        <line num="80" type="method" name="setTwigEnvironment" crap="1" count="1"/>
        <line num="82" type="stmt" count="1"/>
        <line num="83" type="stmt" count="1"/>
        <metrics loc="84" ncloc="51" classes="1" methods="5" coveredmethods="4" conditionals="0" coveredconditionals="0" statements="17" coveredstatements="16" elements="22" coveredelements="20"/>
      </file>
    </package>
    <file name="/Users/megurine/repo/php/Baguette/src/Response/ResponseInterface.php">
      <metrics loc="22" ncloc="11" classes="0" methods="0" coveredmethods="0" conditionals="0" coveredconditionals="0" statements="0" coveredstatements="0" elements="0" coveredelements="0"/>
    </file>
    <package name="Baguette\Serializer">
      <file name="/Users/megurine/repo/php/Baguette/src/Serializer/PhpJsonSerializer.php">
        <class name="PhpJsonSerializer" namespace="Baguette\Serializer" fullPackage="Baguette" package="Baguette">
          <metrics methods="4" coveredmethods="4" conditionals="0" coveredconditionals="0" statements="18" coveredstatements="18" elements="22" coveredelements="22"/>
        </class>
        <line num="38" type="method" name="__construct" crap="2" count="12"/>
        <line num="40" type="stmt" count="12"/>
        <line num="41" type="stmt" count="12"/>
        <line num="42" type="stmt" count="12"/>
        <line num="43" type="stmt" count="12"/>
        <line num="49" type="method" name="setEmptyAsObject" crap="1" count="10"/>
        <line num="51" type="stmt" count="10"/>
        <line num="53" type="stmt" count="10"/>
        <line num="57" type="method" name="getContentType" crap="1" count="1"/>
        <line num="59" type="stmt" count="1"/>
        <line num="69" type="method" name="serialize" crap="6" count="12"/>
        <line num="71" type="stmt" count="12"/>
        <line num="72" type="stmt" count="1"/>
        <line num="73" type="stmt" count="1"/>
        <line num="74" type="stmt" count="11"/>
        <line num="77" type="stmt" count="12"/>
        <line num="79" type="stmt" count="1"/>
        <line num="81" type="stmt" count="1"/>
        <line num="83" type="stmt" count="1"/>
        <line num="84" type="stmt" count="1"/>
        <line num="85" type="stmt" count="1"/>
        <line num="87" type="stmt" count="1"/>
        <metrics loc="89" ncloc="62" classes="1" methods="4" coveredmethods="4" conditionals="0" coveredconditionals="0" statements="18" coveredstatements="18" elements="22" coveredelements="22"/>
      </file>
    </package>
    <file name="/Users/megurine/repo/php/Baguette/src/Serializer/SerializerInterface.php">
      <metrics loc="22" ncloc="9" classes="0" methods="0" coveredmethods="0" conditionals="0" coveredconditionals="0" statements="0" coveredstatements="0" elements="0" coveredelements="0"/>
    </file>
    <metrics files="12" loc="720" ncloc="438" classes="10" methods="34" coveredmethods="24" conditionals="0" coveredconditionals="0" statements="140" coveredstatements="111" elements="174" coveredelements="135"/>
  </project>
</coverage>
